
============================================================
Running variant: baseline
============================================================
  [baseline] using device=cuda:0
  [baseline] step 1/2000 loss=2.9733 time=0.709s
  [baseline] step 20/2000 loss=1.0642 time=0.460s
  [baseline] step 40/2000 loss=1.0138 time=0.459s
  [baseline] step 60/2000 loss=0.9994 time=0.458s
  [baseline] step 80/2000 loss=0.9994 time=0.460s
  [baseline] step 100/2000 loss=0.9863 time=0.466s
  [baseline] step 120/2000 loss=0.9897 time=0.462s
  [baseline] step 140/2000 loss=0.9992 time=0.465s
  [baseline] step 160/2000 loss=0.9753 time=0.470s
  [baseline] step 180/2000 loss=0.9908 time=0.475s
  [baseline] step 200/2000 loss=0.9682 time=0.482s
  [baseline] step 220/2000 loss=1.0139 time=0.501s
  [baseline] step 240/2000 loss=0.9816 time=0.532s
  [baseline] step 260/2000 loss=1.0645 time=0.495s
  [baseline] step 280/2000 loss=0.9653 time=0.507s
  [baseline] step 300/2000 loss=0.9797 time=0.540s
  [baseline] step 320/2000 loss=0.9486 time=0.571s
  [baseline] step 340/2000 loss=1.0461 time=0.584s
  [baseline] step 360/2000 loss=0.8942 time=0.562s
  [baseline] step 380/2000 loss=0.5350 time=0.603s
  [baseline] step 400/2000 loss=0.4152 time=0.629s
  [baseline] step 420/2000 loss=0.6206 time=0.644s
  [baseline] step 440/2000 loss=0.9636 time=0.657s
  [baseline] step 460/2000 loss=0.2800 time=0.659s
  [baseline] step 480/2000 loss=0.2493 time=0.664s
  [baseline] step 500/2000 loss=0.1597 time=0.669s
  [baseline] step 520/2000 loss=0.2659 time=0.665s
  [baseline] step 540/2000 loss=0.6468 time=0.662s
  [baseline] step 560/2000 loss=0.2241 time=0.662s
  [baseline] step 580/2000 loss=0.4877 time=0.662s
  [baseline] step 600/2000 loss=1.0126 time=0.650s
  [baseline] step 620/2000 loss=0.7966 time=0.658s
  [baseline] step 640/2000 loss=0.2059 time=0.654s
  [baseline] step 660/2000 loss=0.2243 time=0.654s
  [baseline] step 680/2000 loss=0.3556 time=0.652s
  [baseline] step 700/2000 loss=0.4592 time=0.651s
  [baseline] step 720/2000 loss=0.1465 time=0.648s
  [baseline] step 740/2000 loss=0.1079 time=0.649s
  [baseline] step 760/2000 loss=0.1147 time=0.645s
  [baseline] step 780/2000 loss=0.1060 time=0.648s
  [baseline] step 800/2000 loss=0.0995 time=0.643s
  [baseline] step 820/2000 loss=1.0263 time=0.638s
  [baseline] step 840/2000 loss=0.1274 time=0.644s
  [baseline] step 860/2000 loss=0.1447 time=0.646s
  [baseline] step 880/2000 loss=0.4162 time=0.641s
  [baseline] step 900/2000 loss=0.1022 time=0.638s
  [baseline] step 920/2000 loss=0.7675 time=0.636s
  [baseline] step 940/2000 loss=0.2434 time=0.643s
  [baseline] step 960/2000 loss=0.4011 time=0.643s
  [baseline] step 980/2000 loss=0.5821 time=0.638s
  [baseline] step 1000/2000 loss=0.1451 time=0.638s
  [baseline] step 1020/2000 loss=0.2518 time=0.640s
  [baseline] step 1040/2000 loss=0.2254 time=0.642s
  [baseline] step 1060/2000 loss=0.5139 time=0.639s
  [baseline] step 1080/2000 loss=0.2062 time=0.637s
  [baseline] step 1100/2000 loss=0.6356 time=0.638s
  [baseline] step 1120/2000 loss=0.2313 time=0.640s
  [baseline] step 1140/2000 loss=0.8660 time=0.637s
  [baseline] step 1160/2000 loss=0.0929 time=0.635s
  [baseline] step 1180/2000 loss=0.0974 time=0.634s
  [baseline] step 1200/2000 loss=0.0992 time=0.637s
  [baseline] step 1220/2000 loss=0.1058 time=0.635s
  [baseline] step 1240/2000 loss=0.1226 time=0.634s
  [baseline] step 1260/2000 loss=0.1532 time=0.636s
  [baseline] step 1280/2000 loss=0.0972 time=0.633s
  [baseline] step 1300/2000 loss=0.1121 time=0.632s
  [baseline] step 1320/2000 loss=0.2110 time=0.634s
  [baseline] step 1340/2000 loss=0.0989 time=0.635s
  [baseline] step 1360/2000 loss=0.3625 time=0.633s
  [baseline] step 1380/2000 loss=0.6313 time=0.634s
  [baseline] step 1400/2000 loss=0.1022 time=0.633s
  [baseline] step 1420/2000 loss=0.1058 time=0.632s
  [baseline] step 1440/2000 loss=0.3255 time=0.634s
  [baseline] step 1460/2000 loss=0.0999 time=0.632s
  [baseline] step 1480/2000 loss=0.1181 time=0.635s
  [baseline] step 1500/2000 loss=0.0906 time=0.632s
  [baseline] step 1520/2000 loss=0.1905 time=0.633s
  [baseline] step 1540/2000 loss=0.4520 time=0.634s
  [baseline] step 1560/2000 loss=0.0871 time=0.631s
  [baseline] step 1580/2000 loss=0.4877 time=0.635s
  [baseline] step 1600/2000 loss=0.1927 time=0.635s
  [baseline] step 1620/2000 loss=0.1201 time=0.632s
  [baseline] step 1640/2000 loss=0.2755 time=0.636s
  [baseline] step 1660/2000 loss=0.1192 time=0.631s
  [baseline] step 1680/2000 loss=0.1025 time=0.635s
  [baseline] step 1700/2000 loss=0.2180 time=0.634s
  [baseline] step 1720/2000 loss=0.1140 time=0.630s
  [baseline] step 1740/2000 loss=0.2940 time=0.634s
  [baseline] step 1760/2000 loss=0.0917 time=0.632s
  [baseline] step 1780/2000 loss=0.1602 time=0.631s
  [baseline] step 1800/2000 loss=0.2487 time=0.633s
  [baseline] step 1820/2000 loss=0.2081 time=0.633s
  [baseline] step 1840/2000 loss=0.1198 time=0.630s
  [baseline] step 1860/2000 loss=0.1189 time=0.630s
  [baseline] step 1880/2000 loss=0.6801 time=0.633s
  [baseline] step 1900/2000 loss=0.2451 time=0.634s
  [baseline] step 1920/2000 loss=0.7426 time=0.633s
  [baseline] step 1940/2000 loss=0.2432 time=0.635s
  [baseline] step 1960/2000 loss=0.3133 time=0.634s
  [baseline] step 1980/2000 loss=0.1326 time=0.634s
  [baseline] step 2000/2000 loss=0.1017 time=0.632s
  Saved: /home/azureuser/megaslide/results/10_hybrid_120M/baseline_results.json

Combined results: /home/azureuser/megaslide/results/10_hybrid_120M/combined_results.json

============================================================
Running variant: register
============================================================
  [register] using device=cuda:0
  [register] step 1/2000 loss=3.1778 time=0.827s
  [register] step 20/2000 loss=1.1037 time=0.562s
  [register] step 40/2000 loss=1.0154 time=0.560s
  [register] step 60/2000 loss=1.0011 time=0.562s
  [register] step 80/2000 loss=0.9994 time=0.561s
  [register] step 100/2000 loss=0.9858 time=0.562s
  [register] step 120/2000 loss=0.9887 time=0.562s
  [register] step 140/2000 loss=0.9996 time=0.567s
  [register] step 160/2000 loss=0.9750 time=0.568s
  [register] step 180/2000 loss=0.9864 time=0.575s
  [register] step 200/2000 loss=0.9597 time=0.586s
  [register] step 220/2000 loss=1.0157 time=0.604s
  [register] step 240/2000 loss=0.9570 time=0.624s
  [register] step 260/2000 loss=1.4258 time=0.597s
  [register] step 280/2000 loss=0.9883 time=0.602s
  [register] step 300/2000 loss=0.9824 time=0.615s
  [register] step 320/2000 loss=0.9330 time=0.648s
  [register] step 340/2000 loss=0.9753 time=0.638s
  [register] step 360/2000 loss=0.8437 time=0.657s
  [register] step 380/2000 loss=0.8000 time=0.638s
  [register] step 400/2000 loss=0.9432 time=0.675s
  [register] step 420/2000 loss=0.7771 time=0.688s
  [register] step 440/2000 loss=1.0231 time=0.685s
  [register] step 460/2000 loss=0.4426 time=0.694s
  [register] step 480/2000 loss=0.4358 time=0.717s
  [register] step 500/2000 loss=0.2177 time=0.735s
  [register] step 520/2000 loss=0.3006 time=0.732s
  [register] step 540/2000 loss=0.6929 time=0.750s
  [register] step 560/2000 loss=0.2364 time=0.749s
  [register] step 580/2000 loss=0.5103 time=0.757s
  [register] step 600/2000 loss=1.0165 time=0.756s
  [register] step 620/2000 loss=0.8283 time=0.757s
  [register] step 640/2000 loss=0.2162 time=0.758s
  [register] step 660/2000 loss=0.2370 time=0.754s
  [register] step 680/2000 loss=0.3655 time=0.754s
  [register] step 700/2000 loss=0.4864 time=0.755s
  [register] step 720/2000 loss=0.1510 time=0.752s
  [register] step 740/2000 loss=0.1216 time=0.754s
  [register] step 760/2000 loss=0.1155 time=0.754s
  [register] step 780/2000 loss=0.1095 time=0.754s
  [register] step 800/2000 loss=0.1020 time=0.753s
  [register] step 820/2000 loss=1.0217 time=0.747s
  [register] step 840/2000 loss=0.1274 time=0.750s
  [register] step 860/2000 loss=0.1521 time=0.751s
  [register] step 880/2000 loss=0.4210 time=0.750s
  [register] step 900/2000 loss=0.1054 time=0.747s
  [register] step 920/2000 loss=0.7903 time=0.749s
  [register] step 940/2000 loss=0.2496 time=0.749s
  [register] step 960/2000 loss=0.4108 time=0.746s
  [register] step 980/2000 loss=0.5678 time=0.747s
  [register] step 1000/2000 loss=0.1523 time=0.747s
  [register] step 1020/2000 loss=0.2660 time=0.747s
  [register] step 1040/2000 loss=0.2380 time=0.751s
  [register] step 1060/2000 loss=0.5115 time=0.746s
  [register] step 1080/2000 loss=0.2175 time=0.748s
  [register] step 1100/2000 loss=0.6377 time=0.745s
  [register] step 1120/2000 loss=0.2330 time=0.747s
  [register] step 1140/2000 loss=0.8798 time=0.747s
  [register] step 1160/2000 loss=0.0950 time=0.746s
  [register] step 1180/2000 loss=0.0961 time=0.746s
  [register] step 1200/2000 loss=0.0987 time=0.747s
  [register] step 1220/2000 loss=0.1095 time=0.748s
  [register] step 1240/2000 loss=0.1243 time=0.746s
  [register] step 1260/2000 loss=0.1557 time=0.746s
  [register] step 1280/2000 loss=0.1039 time=0.744s
  [register] step 1300/2000 loss=0.1092 time=0.746s
  [register] step 1320/2000 loss=0.2068 time=0.748s
  [register] step 1340/2000 loss=0.1000 time=0.746s
  [register] step 1360/2000 loss=0.3553 time=0.746s
  [register] step 1380/2000 loss=0.6368 time=0.745s
  [register] step 1400/2000 loss=0.1025 time=0.745s
  [register] step 1420/2000 loss=0.1063 time=0.747s
  [register] step 1440/2000 loss=0.3228 time=0.747s
  [register] step 1460/2000 loss=0.1040 time=0.746s
  [register] step 1480/2000 loss=0.1207 time=0.748s
  [register] step 1500/2000 loss=0.0929 time=0.746s
  [register] step 1520/2000 loss=0.1916 time=0.747s
  [register] step 1540/2000 loss=0.4496 time=0.747s
  [register] step 1560/2000 loss=0.0855 time=0.745s
  [register] step 1580/2000 loss=0.4888 time=0.751s
  [register] step 1600/2000 loss=0.1957 time=0.747s
  [register] step 1620/2000 loss=0.1229 time=0.746s
  [register] step 1640/2000 loss=0.2686 time=0.747s
  [register] step 1660/2000 loss=0.1140 time=0.747s
  [register] step 1680/2000 loss=0.0991 time=0.747s
  [register] step 1700/2000 loss=0.2197 time=0.748s
  [register] step 1720/2000 loss=0.1181 time=0.744s
  [register] step 1740/2000 loss=0.2866 time=0.745s
  [register] step 1760/2000 loss=0.0896 time=0.748s
  [register] step 1780/2000 loss=0.1626 time=0.744s
  [register] step 1800/2000 loss=0.2465 time=0.748s
  [register] step 1820/2000 loss=0.2125 time=0.745s
  [register] step 1840/2000 loss=0.1223 time=0.746s
  [register] step 1860/2000 loss=0.1141 time=0.745s
  [register] step 1880/2000 loss=0.6699 time=0.748s
  [register] step 1900/2000 loss=0.2303 time=0.749s
  [register] step 1920/2000 loss=0.7488 time=0.743s
  [register] step 1940/2000 loss=0.2322 time=0.749s
  [register] step 1960/2000 loss=0.3056 time=0.747s
  [register] step 1980/2000 loss=0.1328 time=0.746s
  [register] step 2000/2000 loss=0.1054 time=0.748s
  Saved: /home/azureuser/megaslide/results/10_hybrid_120M/register_results.json

Combined results: /home/azureuser/megaslide/results/10_hybrid_120M/combined_results.json
